TN:
SF:src/core/Authentication.ts
FN:20,(anonymous_1)
FN:38,(anonymous_2)
FN:50,(anonymous_3)
FN:64,(anonymous_4)
FN:71,(anonymous_5)
FN:99,(anonymous_6)
FN:147,(anonymous_7)
FN:155,(anonymous_8)
FN:162,(anonymous_9)
FN:174,(anonymous_10)
FNF:10
FNH:10
FNDA:32,(anonymous_1)
FNDA:13,(anonymous_2)
FNDA:4,(anonymous_3)
FNDA:40,(anonymous_4)
FNDA:5,(anonymous_5)
FNDA:7,(anonymous_6)
FNDA:1,(anonymous_7)
FNDA:5,(anonymous_8)
FNDA:5,(anonymous_9)
FNDA:3,(anonymous_10)
DA:2,2
DA:14,2
DA:15,32
DA:22,32
DA:23,32
DA:24,32
DA:26,32
DA:28,32
DA:39,13
DA:40,2
DA:43,11
DA:44,11
DA:51,4
DA:53,4
DA:54,1
DA:55,1
DA:58,3
DA:65,40
DA:72,5
DA:74,5
DA:75,1
DA:76,1
DA:80,4
DA:81,1
DA:82,1
DA:86,3
DA:87,3
DA:88,1
DA:89,1
DA:92,2
DA:93,2
DA:100,7
DA:102,7
DA:103,1
DA:104,1
DA:107,6
DA:108,6
DA:110,6
DA:111,6
DA:116,3
DA:117,2
DA:118,2
DA:120,1
DA:121,1
DA:124,3
DA:125,2
DA:126,1
DA:130,1
DA:136,1
DA:140,3
DA:148,1
DA:149,1
DA:156,5
DA:163,5
DA:164,2
DA:167,3
DA:168,3
DA:175,3
DA:176,1
DA:179,2
DA:180,1
DA:183,1
DA:184,1
DA:185,1
DA:187,1
LF:65
LH:65
BRDA:20,0,0,0
BRDA:22,1,0,32
BRDA:22,1,1,31
BRDA:23,2,0,32
BRDA:23,2,1,31
BRDA:25,3,0,32
BRDA:25,3,1,31
BRDA:39,4,0,2
BRDA:39,5,0,13
BRDA:39,5,1,12
BRDA:51,6,0,4
BRDA:51,6,1,3
BRDA:53,7,0,1
BRDA:72,8,0,5
BRDA:72,8,1,2
BRDA:74,9,0,1
BRDA:80,10,0,1
BRDA:87,11,0,1
BRDA:100,12,0,7
BRDA:100,12,1,2
BRDA:102,13,0,1
BRDA:116,14,0,2
BRDA:116,14,1,1
BRDA:124,15,0,2
BRDA:124,15,1,1
BRDA:125,16,0,1
BRDA:125,16,1,1
BRDA:125,17,0,2
BRDA:125,17,1,1
BRDA:137,18,0,1
BRDA:137,18,1,0
BRDA:163,19,0,2
BRDA:163,20,0,5
BRDA:163,20,1,4
BRDA:175,21,0,1
BRDA:179,22,0,1
BRF:36
BRH:34
end_of_record
TN:
SF:src/core/SwaggerLoader.ts
FN:16,(anonymous_1)
FN:24,(anonymous_2)
FN:42,(anonymous_3)
FN:49,(anonymous_4)
FN:60,(anonymous_5)
FN:94,(anonymous_6)
FN:109,(anonymous_7)
FNF:7
FNH:7
FNDA:31,(anonymous_1)
FNDA:25,(anonymous_2)
FNDA:9,(anonymous_3)
FNDA:5,(anonymous_4)
FNDA:5,(anonymous_5)
FNDA:5,(anonymous_6)
FNDA:2,(anonymous_7)
DA:1,3
DA:2,3
DA:11,3
DA:13,31
DA:20,31
DA:21,31
DA:25,25
DA:26,25
DA:27,25
DA:28,23
DA:31,23
DA:32,21
DA:33,21
DA:34,21
DA:36,4
DA:37,4
DA:38,4
DA:43,9
DA:44,6
DA:46,3
DA:50,5
DA:51,5
DA:54,5
DA:61,5
DA:63,5
DA:64,5
DA:65,1
DA:68,4
DA:69,1
DA:72,3
DA:73,0
DA:76,3
DA:77,1
DA:80,2
DA:81,2
DA:83,3
DA:84,3
DA:87,3
DA:95,5
DA:96,2
DA:99,3
DA:110,2
DA:111,2
LF:43
LH:42
BRDA:17,0,0,0
BRDA:36,1,0,4
BRDA:36,1,1,0
BRDA:43,2,0,6
BRDA:51,3,0,5
BRDA:51,3,1,4
BRDA:64,4,0,1
BRDA:64,5,0,5
BRDA:64,5,1,1
BRDA:68,6,0,1
BRDA:72,7,0,0
BRDA:72,8,0,3
BRDA:72,8,1,3
BRDA:76,9,0,1
BRDA:83,10,0,3
BRDA:83,10,1,0
BRDA:95,11,0,2
BRDA:102,12,0,3
BRDA:102,12,1,0
BRF:19
BRH:14
end_of_record
TN:
SF:src/logging/Logger.ts
FN:10,(anonymous_1)
FN:26,(anonymous_2)
FN:30,(anonymous_3)
FN:34,(anonymous_4)
FN:38,(anonymous_5)
FNF:5
FNH:4
FNDA:10,(anonymous_1)
FNDA:25,(anonymous_2)
FNDA:2,(anonymous_3)
FNDA:0,(anonymous_4)
FNDA:1,(anonymous_5)
DA:1,4
DA:7,4
DA:11,10
DA:27,25
DA:31,2
DA:35,0
DA:39,1
LF:7
LH:6
BRDA:10,0,0,0
BRF:1
BRH:0
end_of_record
